<?xml version="1.0" encoding="UTF-8"?>
<!-- Generated by org.testng.reporters.JUnitReportReporter -->
<testsuite skipped="0" hostname="DESKTOP-TP18Q4P" name="no_bdd.EbayCartFeatures" tests="1" failures="0" timestamp="21 May 2019 09:08:48 GMT" time="82.054" errors="0">
  <testcase name="test001_VerifyCartFeature" time="82.054" classname="no_bdd.EbayCartFeatures"/>
</testsuite> <!-- no_bdd.EbayCartFeatures -->
